This is pdfTeX, Version 3.1415926-2.5-1.40.14 (TeX Live 2013/Debian) (format=pdflatex 2016.12.19)  27 APR 2017 19:24
entering extended mode
 restricted \write18 enabled.
 %&-line parsing enabled.
**report.tex
(./report.tex
LaTeX2e <2011/06/27>
Babel <3.9h> and hyphenation patterns for 78 languages loaded.
(/usr/share/texlive/texmf-dist/tex/latex/base/report.cls
Document Class: report 2007/10/19 v1.4h Standard LaTeX document class
(/usr/share/texlive/texmf-dist/tex/latex/base/size12.clo
File: size12.clo 2007/10/19 v1.4h Standard LaTeX file (size option)
)
\c@part=\count79
\c@chapter=\count80
\c@section=\count81
\c@subsection=\count82
\c@subsubsection=\count83
\c@paragraph=\count84
\c@subparagraph=\count85
\c@figure=\count86
\c@table=\count87
\abovecaptionskip=\skip41
\belowcaptionskip=\skip42
\bibindent=\dimen102
)
(/usr/share/texlive/texmf-dist/tex/latex/pdfscreen/pdfscreen.sty
Package: pdfscreen 2000/07/07 v.1.5 screen PDF design (CVR)

(/usr/share/texlive/texmf-dist/tex/latex/graphics/graphicx.sty
Package: graphicx 1999/02/16 v1.0f Enhanced LaTeX Graphics (DPC,SPQR)

(/usr/share/texlive/texmf-dist/tex/latex/graphics/keyval.sty
Package: keyval 1999/03/16 v1.13 key=value parser (DPC)
\KV@toks@=\toks14
)
(/usr/share/texlive/texmf-dist/tex/latex/graphics/graphics.sty
Package: graphics 2009/02/05 v1.0o Standard LaTeX Graphics (DPC,SPQR)

(/usr/share/texlive/texmf-dist/tex/latex/graphics/trig.sty
Package: trig 1999/03/16 v1.09 sin cos tan (DPC)
)
(/usr/share/texlive/texmf-dist/tex/latex/latexconfig/graphics.cfg
File: graphics.cfg 2010/04/23 v1.9 graphics configuration of TeX Live
)
Package graphics Info: Driver file: pdftex.def on input line 91.

(/usr/share/texlive/texmf-dist/tex/latex/pdftex-def/pdftex.def
File: pdftex.def 2011/05/27 v0.06d Graphics/color for pdfTeX

(/usr/share/texlive/texmf-dist/tex/generic/oberdiek/infwarerr.sty
Package: infwarerr 2010/04/08 v1.3 Providing info/warning/error messages (HO)
)
(/usr/share/texlive/texmf-dist/tex/generic/oberdiek/ltxcmds.sty
Package: ltxcmds 2011/11/09 v1.22 LaTeX kernel commands for general use (HO)
)
\Gread@gobject=\count88
))
\Gin@req@height=\dimen103
\Gin@req@width=\dimen104
)
(/usr/share/texlive/texmf-dist/tex/latex/graphics/color.sty
Package: color 2005/11/14 v1.0j Standard LaTeX Color (DPC)

(/usr/share/texlive/texmf-dist/tex/latex/latexconfig/color.cfg
File: color.cfg 2007/01/18 v1.5 color configuration of teTeX/TeXLive
)
Package color Info: Driver file: pdftex.def on input line 130.
)
(/usr/share/texlive/texmf-dist/tex/latex/tools/calc.sty
Package: calc 2007/08/22 v4.3 Infix arithmetic (KKT,FJ)
\calc@Acount=\count89
\calc@Bcount=\count90
\calc@Adimen=\dimen105
\calc@Bdimen=\dimen106
\calc@Askip=\skip43
\calc@Bskip=\skip44
LaTeX Info: Redefining \setlength on input line 76.
LaTeX Info: Redefining \addtolength on input line 77.
\calc@Ccount=\count91
\calc@Cskip=\skip45
)
(/usr/share/texlive/texmf-dist/tex/latex/comment/comment.sty
\CommentStream=\write3

Excluding comment 'comment')
\c@panel=\count92
\c@driver=\count93
\c@scheme=\count94

(/usr/share/texlive/texmf-dist/tex/latex/amsfonts/amssymb.sty
Package: amssymb 2013/01/14 v3.01 AMS font symbols

(/usr/share/texlive/texmf-dist/tex/latex/amsfonts/amsfonts.sty
Package: amsfonts 2013/01/14 v3.01 Basic AMSFonts support
\@emptytoks=\toks15
\symAMSa=\mathgroup4
\symAMSb=\mathgroup5
LaTeX Font Info:    Overwriting math alphabet `\mathfrak' in version `bold'
(Font)                  U/euf/m/n --> U/euf/b/n on input line 106.
))
(/usr/share/texlive/texmf-dist/tex/latex/hyperref/hyperref.sty
Package: hyperref 2012/11/06 v6.83m Hypertext links for LaTeX

(/usr/share/texlive/texmf-dist/tex/generic/oberdiek/hobsub-hyperref.sty
Package: hobsub-hyperref 2012/05/28 v1.13 Bundle oberdiek, subset hyperref (HO)


(/usr/share/texlive/texmf-dist/tex/generic/oberdiek/hobsub-generic.sty
Package: hobsub-generic 2012/05/28 v1.13 Bundle oberdiek, subset generic (HO)
Package: hobsub 2012/05/28 v1.13 Construct package bundles (HO)
Package hobsub Info: Skipping package `infwarerr' (already loaded).
Package hobsub Info: Skipping package `ltxcmds' (already loaded).
Package: ifluatex 2010/03/01 v1.3 Provides the ifluatex switch (HO)
Package ifluatex Info: LuaTeX not detected.
Package: ifvtex 2010/03/01 v1.5 Detect VTeX and its facilities (HO)
Package ifvtex Info: VTeX not detected.
Package: intcalc 2007/09/27 v1.1 Expandable calculations with integers (HO)
Package: ifpdf 2011/01/30 v2.3 Provides the ifpdf switch (HO)
Package ifpdf Info: pdfTeX in PDF mode is detected.
Package: etexcmds 2011/02/16 v1.5 Avoid name clashes with e-TeX commands (HO)
Package etexcmds Info: Could not find \expanded.
(etexcmds)             That can mean that you are not using pdfTeX 1.50 or
(etexcmds)             that some package has redefined \expanded.
(etexcmds)             In the latter case, load this package earlier.
Package: kvsetkeys 2012/04/25 v1.16 Key value parser (HO)
Package: kvdefinekeys 2011/04/07 v1.3 Define keys (HO)
Package: pdftexcmds 2011/11/29 v0.20 Utility functions of pdfTeX for LuaTeX (HO
)
Package pdftexcmds Info: LuaTeX not detected.
Package pdftexcmds Info: \pdf@primitive is available.
Package pdftexcmds Info: \pdf@ifprimitive is available.
Package pdftexcmds Info: \pdfdraftmode found.
Package: pdfescape 2011/11/25 v1.13 Implements pdfTeX's escape features (HO)
Package: bigintcalc 2012/04/08 v1.3 Expandable calculations on big integers (HO
)
Package: bitset 2011/01/30 v1.1 Handle bit-vector datatype (HO)
Package: uniquecounter 2011/01/30 v1.2 Provide unlimited unique counter (HO)
)
Package hobsub Info: Skipping package `hobsub' (already loaded).
Package: letltxmacro 2010/09/02 v1.4 Let assignment for LaTeX macros (HO)
Package: hopatch 2012/05/28 v1.2 Wrapper for package hooks (HO)
Package: xcolor-patch 2011/01/30 xcolor patch
Package: atveryend 2011/06/30 v1.8 Hooks at the very end of document (HO)
Package atveryend Info: \enddocument detected (standard20110627).
Package: atbegshi 2011/10/05 v1.16 At begin shipout hook (HO)
Package: refcount 2011/10/16 v3.4 Data extraction from label references (HO)
Package: hycolor 2011/01/30 v1.7 Color options for hyperref/bookmark (HO)
)
(/usr/share/texlive/texmf-dist/tex/generic/ifxetex/ifxetex.sty
Package: ifxetex 2010/09/12 v0.6 Provides ifxetex conditional
)
(/usr/share/texlive/texmf-dist/tex/latex/oberdiek/auxhook.sty
Package: auxhook 2011/03/04 v1.3 Hooks for auxiliary files (HO)
)
(/usr/share/texlive/texmf-dist/tex/latex/oberdiek/kvoptions.sty
Package: kvoptions 2011/06/30 v3.11 Key value format for package options (HO)
)
\@linkdim=\dimen107
\Hy@linkcounter=\count95
\Hy@pagecounter=\count96

(/usr/share/texlive/texmf-dist/tex/latex/hyperref/pd1enc.def
File: pd1enc.def 2012/11/06 v6.83m Hyperref: PDFDocEncoding definition (HO)
)
\Hy@SavedSpaceFactor=\count97

(/usr/share/texlive/texmf-dist/tex/latex/latexconfig/hyperref.cfg
File: hyperref.cfg 2002/06/06 v1.2 hyperref configuration of TeXLive
)
Package hyperref Info: Option `bookmarksopen' set `true' on input line 4319.
Package hyperref Info: Option `colorlinks' set `true' on input line 4319.
Package hyperref Info: Hyper figures OFF on input line 4443.
Package hyperref Info: Link nesting OFF on input line 4448.
Package hyperref Info: Hyper index ON on input line 4451.
Package hyperref Info: Plain pages OFF on input line 4458.
Package hyperref Info: Backreferencing OFF on input line 4463.
Package hyperref Info: Implicit mode ON; LaTeX internals redefined.
Package hyperref Info: Bookmarks ON on input line 4688.
\c@Hy@tempcnt=\count98

(/usr/share/texlive/texmf-dist/tex/latex/url/url.sty
\Urlmuskip=\muskip10
Package: url 2013/09/16  ver 3.4  Verb mode for urls, etc.
)
LaTeX Info: Redefining \url on input line 5041.
\XeTeXLinkMargin=\dimen108
\Fld@menulength=\count99
\Field@Width=\dimen109
\Fld@charsize=\dimen110
Package hyperref Info: Hyper figures OFF on input line 6295.
Package hyperref Info: Link nesting OFF on input line 6300.
Package hyperref Info: Hyper index ON on input line 6303.
Package hyperref Info: backreferencing OFF on input line 6310.
Package hyperref Info: Link coloring ON on input line 6313.
Package hyperref Info: Link coloring with OCG OFF on input line 6320.
Package hyperref Info: PDF/A mode OFF on input line 6325.
LaTeX Info: Redefining \ref on input line 6365.
LaTeX Info: Redefining \pageref on input line 6369.
\Hy@abspage=\count100
\c@Item=\count101
\c@Hfootnote=\count102
)

Package hyperref Message: Driver: hpdftex.

(/usr/share/texlive/texmf-dist/tex/latex/hyperref/hpdftex.def
File: hpdftex.def 2012/11/06 v6.83m Hyperref driver for pdfTeX
\Fld@listcount=\count103
\c@bookmark@seq@number=\count104

(/usr/share/texlive/texmf-dist/tex/latex/oberdiek/rerunfilecheck.sty
Package: rerunfilecheck 2011/04/15 v1.7 Rerun checks for auxiliary files (HO)
Package uniquecounter Info: New unique counter `rerunfilecheck' on input line 2
82.
)
\Hy@SectionHShift=\skip46
)
Include comment 'print' Excluding comment 'screen'
(/usr/share/texlive/texmf-dist/tex/latex/fancybox/fancybox.sty
Package: fancybox 2010/05/15 1.4

Style option: `fancybox' v1.4 <2010/05/15> (tvz)
\@fancybox=\box26
\shadowsize=\dimen111
\@Sbox=\box27
\do@VerbBox=\toks16
\the@fancyput=\toks17
\this@fancyput=\toks18
\EndVerbatimTokens=\toks19
\Verbatim@Outfile=\write4
\Verbatim@Infile=\read1
)
\@PDFmpht=\dimen112
\c@slide=\count105
\c@slideoverlay=\count106
) Including 'print' comment.
\openout3 = `comment.cut'.

 Straight input of comment.cut. (./comment.cut
(/usr/share/texlive/texmf-dist/tex/latex/lipsum/lipsum.sty
Package: lipsum 2011/04/14 v1.2 150 paragraphs of Lorem Ipsum dummy text
\c@lips@count=\count107
)
(/usr/share/texlive/texmf-dist/tex/latex/titlesec/titletoc.sty
Package: titletoc 2011/12/15 v1.6 TOC entries
\ttl@leftsep=\dimen113
)
(/usr/share/texlive/texmf-dist/tex/latex/lastpage/lastpage.sty
Package: lastpage 2013/01/28 v1.2l Refers to last page's name (HMM; JPG)
)
(./macro/macro.sty) (/usr/share/texlive/texmf-dist/tex/latex/float/float.sty
Package: float 2001/11/08 v1.3d Float enhancements (AL)
\c@float@type=\count108
\float@exts=\toks20
\float@box=\box28
\@float@everytoks=\toks21
\@floatcapt=\box29
)
(/usr/share/texlive/texmf-dist/tex/latex/wrapfig/wrapfig.sty
\wrapoverhang=\dimen114
\WF@size=\dimen115
\c@WF@wrappedlines=\count109
\WF@box=\box30
\WF@everypar=\toks22
Package: wrapfig 2003/01/31  v 3.6
)
(/usr/share/texlive/texmf-dist/tex/latex/fancyhdr/fancyhdr.sty
\fancy@headwidth=\skip47
\f@ncyO@elh=\skip48
\f@ncyO@erh=\skip49
\f@ncyO@olh=\skip50
\f@ncyO@orh=\skip51
\f@ncyO@elf=\skip52
\f@ncyO@erf=\skip53
\f@ncyO@olf=\skip54
\f@ncyO@orf=\skip55
)
(/usr/share/texlive/texmf-dist/tex/latex/tools/verbatim.sty
Package: verbatim 2003/08/22 v1.5q LaTeX2e package for verbatim enhancements
\every@verbatim=\toks23
\verbatim@line=\toks24
\verbatim@in@stream=\read2
)
(/usr/share/texlive/texmf-dist/tex/latex/fncychap/fncychap.sty
Package: fncychap 2007/07/30 v1.34 LaTeX package (Revised chapters)
\RW=\skip56
\mylen=\skip57
\myhi=\skip58
\px=\skip59
\py=\skip60
\pyy=\skip61
\pxx=\skip62
\backskip=\skip63
)
(/usr/share/texlive/texmf-dist/tex/latex/geometry/geometry.sty
Package: geometry 2010/09/12 v5.6 Page Geometry
\Gm@cnth=\count110
\Gm@cntv=\count111
\c@Gm@tempcnt=\count112
\Gm@bindingoffset=\dimen116
\Gm@wd@mp=\dimen117
\Gm@odd@mp=\dimen118
\Gm@even@mp=\dimen119
\Gm@layoutwidth=\dimen120
\Gm@layoutheight=\dimen121
\Gm@layouthoffset=\dimen122
\Gm@layoutvoffset=\dimen123
\Gm@dimlist=\toks25
))
Excluding 'screen' comment. (./report.aux

LaTeX Warning: Label `Verification' multiply defined.


LaTeX Warning: Label `Verification' multiply defined.


LaTeX Warning: Label `Approval' multiply defined.


LaTeX Warning: Label `Approval' multiply defined.


LaTeX Warning: Label `Deposit' multiply defined.


LaTeX Warning: Label `Employee Details' multiply defined.


LaTeX Warning: Label `Employee Details' multiply defined.


LaTeX Warning: Label `Vehicle Details' multiply defined.


LaTeX Warning: Label `Vehicle Details' multiply defined.


LaTeX Warning: Label `Account Settings' multiply defined.


LaTeX Warning: Label `File Chooser' multiply defined.


LaTeX Warning: Label `Web Browser' multiply defined.


LaTeX Warning: Label `' multiply defined.


LaTeX Warning: Label `' multiply defined.


LaTeX Warning: Label `' multiply defined.


LaTeX Warning: Label `' multiply defined.

)
\openout1 = `report.aux'.

LaTeX Font Info:    Checking defaults for OML/cmm/m/it on input line 30.
LaTeX Font Info:    ... okay on input line 30.
LaTeX Font Info:    Checking defaults for T1/cmr/m/n on input line 30.
LaTeX Font Info:    ... okay on input line 30.
LaTeX Font Info:    Checking defaults for OT1/cmr/m/n on input line 30.
LaTeX Font Info:    ... okay on input line 30.
LaTeX Font Info:    Checking defaults for OMS/cmsy/m/n on input line 30.
LaTeX Font Info:    ... okay on input line 30.
LaTeX Font Info:    Checking defaults for OMX/cmex/m/n on input line 30.
LaTeX Font Info:    ... okay on input line 30.
LaTeX Font Info:    Checking defaults for U/cmr/m/n on input line 30.
LaTeX Font Info:    ... okay on input line 30.
LaTeX Font Info:    Checking defaults for PD1/pdf/m/n on input line 30.
LaTeX Font Info:    ... okay on input line 30.
 (/usr/share/texlive/texmf-dist/tex/context/base/supp-pdf.mkii
[Loading MPS to PDF converter (version 2006.09.02).]
\scratchcounter=\count113
\scratchdimen=\dimen124
\scratchbox=\box31
\nofMPsegments=\count114
\nofMParguments=\count115
\everyMPshowfont=\toks26
\MPscratchCnt=\count116
\MPscratchDim=\dimen125
\MPnumerator=\count117
\makeMPintoPDFobject=\count118
\everyMPtoPDFconversion=\toks27
) (/usr/share/texlive/texmf-dist/tex/latex/oberdiek/epstopdf-base.sty
Package: epstopdf-base 2010/02/09 v2.5 Base part for package epstopdf

(/usr/share/texlive/texmf-dist/tex/latex/oberdiek/grfext.sty
Package: grfext 2010/08/19 v1.1 Manage graphics extensions (HO)
)
Package grfext Info: Graphics extension search list:
(grfext)             [.png,.pdf,.jpg,.mps,.jpeg,.jbig2,.jb2,.PNG,.PDF,.JPG,.JPE
G,.JBIG2,.JB2,.eps]
(grfext)             \AppendGraphicsExtensions on input line 452.

(/usr/share/texlive/texmf-dist/tex/latex/latexconfig/epstopdf-sys.cfg
File: epstopdf-sys.cfg 2010/07/13 v1.3 Configuration of (r)epstopdf for TeX Liv
e
))
\AtBeginShipoutBox=\box32
Package hyperref Info: Link coloring ON on input line 30.

(/usr/share/texlive/texmf-dist/tex/latex/hyperref/nameref.sty
Package: nameref 2012/10/27 v2.43 Cross-referencing by name of section

(/usr/share/texlive/texmf-dist/tex/generic/oberdiek/gettitlestring.sty
Package: gettitlestring 2010/12/03 v1.4 Cleanup title references (HO)
)
\c@section@level=\count119
)
LaTeX Info: Redefining \ref on input line 30.
LaTeX Info: Redefining \pageref on input line 30.
LaTeX Info: Redefining \nameref on input line 30.

(./report.out) (./report.out)
\@outlinefile=\write5
\openout5 = `report.out'.

Package lastpage Info: Please have a look at the pageslts package at
(lastpage)             http://www.ctan.org/tex-archive/ 
(lastpage)             macros/latex/contrib/pageslts/ 
(lastpage)             or
(lastpage)             http://www.ctan.org/tex-archive/ 
(lastpage)             install/macros/latex/contrib/pageslts.tds.zip
(lastpage)             ! on input line 30.

*geometry* driver: auto-detecting
*geometry* detected driver: pdftex
*geometry* verbose mode - [ preamble ] result:
* driver: pdftex
* paper: <default>
* layout: <same size as paper>
* layoutoffset:(h,v)=(0.0pt,0.0pt)
* modes: 
* h-part:(L,W,R)=(71.13188pt, 500.484pt, 42.67912pt)
* v-part:(T,H,B)=(71.13188pt, 681.15898pt, 42.67912pt)
* \paperwidth=614.295pt
* \paperheight=794.96999pt
* \textwidth=500.484pt
* \textheight=681.15898pt
* \oddsidemargin=-1.1381pt
* \evensidemargin=-1.1381pt
* \topmargin=-38.1381pt
* \headheight=12.0pt
* \headsep=25.0pt
* \topskip=12.0pt
* \footskip=30.0pt
* \marginparwidth=44.0pt
* \marginparsep=10.0pt
* \columnsep=10.0pt
* \skip\footins=10.8pt plus 4.0pt minus 2.0pt
* \hoffset=0.0pt
* \voffset=0.0pt
* \mag=1000
* \@twocolumnfalse
* \@twosidefalse
* \@mparswitchfalse
* \@reversemarginfalse
* (1in=72.27pt=25.4mm, 1cm=28.453pt)

(./input/titlepage.tex) Excluding 'screen' comment.
<images/gne.jpg, id=124, 160.6pt x 167.62625pt>
File: images/gne.jpg Graphic file (type jpg)
 <use images/gne.jpg>
Package pdftex.def Info: images/gne.jpg used on input line 37.
(pdftex.def)             Requested size: 112.41922pt x 117.33755pt.
 [1

{/var/lib/texmf/fonts/map/pdftex/updmap/pdftex.map} <./images/gne.jpg>]
(./input/ack.tex
Missing character: There is no â in font cmr12!
Missing character: There is no € in font cmr12!
Missing character: There is no ‹ in font cmr12!
Missing character: There is no â in font cmr12!
Missing character: There is no € in font cmr12!
Missing character: There is no ‹ in font cmr12!
)

Package Fancyhdr Warning: \headheight is too small (12.0pt): 
 Make it at least 18.0pt.
 We now make it that large for the rest of the document.
 This may cause the page layout to be inconsistent, however.

[1] (./input/ab.tex)

Package Fancyhdr Warning: \headheight is too small (12.0pt): 
 Make it at least 18.0pt.
 We now make it that large for the rest of the document.
 This may cause the page layout to be inconsistent, however.

[2] (./report.toc
LaTeX Font Info:    Try loading font information for U+msa on input line 2.
 (/usr/share/texlive/texmf-dist/tex/latex/amsfonts/umsa.fd
File: umsa.fd 2013/01/14 v3.01 AMS symbols A
)
LaTeX Font Info:    Try loading font information for U+msb on input line 2.

(/usr/share/texlive/texmf-dist/tex/latex/amsfonts/umsb.fd
File: umsb.fd 2013/01/14 v3.01 AMS symbols B
) [3

])
\tf@toc=\write6
\openout6 = `report.toc'.



Package Fancyhdr Warning: \headheight is too small (12.0pt): 
 Make it at least 18.0pt.
 We now make it that large for the rest of the document.
 This may cause the page layout to be inconsistent, however.

[4] (./report.lof [5

])
\tf@lof=\write7
\openout7 = `report.lof'.



Package Fancyhdr Warning: \headheight is too small (12.0pt): 
 Make it at least 18.0pt.
 We now make it that large for the rest of the document.
 This may cause the page layout to be inconsistent, however.

[6] (./report.lot)
\tf@lot=\write8
\openout8 = `report.lot'.

 [7

]
Chapter 1.
(./input/organisation.tex
Underfull \hbox (badness 10000) in paragraph at lines 3--10

 []

LaTeX Font Info:    Try loading font information for OMS+cmr on input line 11.
(/usr/share/texlive/texmf-dist/tex/latex/base/omscmr.fd
File: omscmr.fd 1999/05/25 v2.5h Standard LaTeX font definitions
)
LaTeX Font Info:    Font shape `OMS/cmr/m/n' in size <12> not available
(Font)              Font shape `OMS/cmsy/m/n' tried instead on input line 11.
pdfTeX warning (ext4): destination with the same identifier (name{page.1}) has 
been already used, duplicate ignored
<to be read again> 
                   \relax 
l.36 \section
             {OBJECTIVES} [1

])

Package Fancyhdr Warning: \headheight is too small (12.0pt): 
 Make it at least 18.0pt.
 We now make it that large for the rest of the document.
 This may cause the page layout to be inconsistent, however.

[2]
Chapter 2.
(./input/latex.tex
Missing character: There is no â in font cmr12!
Missing character: There is no € in font cmr12!
Missing character: There is no “ in font cmr12!
 [3

]
<images/LATEXREP001.png, id=321, 962.59625pt x 272.01625pt>
File: images/LATEXREP001.png Graphic file (type png)

<use images/LATEXREP001.png>
Package pdftex.def Info: images/LATEXREP001.png used on input line 82.
(pdftex.def)             Requested size: 481.29695pt x 136.00778pt.


Package Fancyhdr Warning: \headheight is too small (12.0pt): 
 Make it at least 18.0pt.
 We now make it that large for the rest of the document.
 This may cause the page layout to be inconsistent, however.

[4pdfTeX warning (ext4): destination with the same identifier (name{table.2.1})
 has been already used, duplicate ignored

\AtBegShi@Output ...ipout \box \AtBeginShipoutBox 
                                                  \fi \fi 
l.95 
     pdfTeX warning (ext4): destination with the same identifier (name{table.2.
2}) has been already used, duplicate ignored

\AtBegShi@Output ...ipout \box \AtBeginShipoutBox 
                                                  \fi \fi 
l.95 
     ] <images/spiralmodel.png, id=327, 376.40625pt x 272.51813pt>
File: images/spiralmodel.png Graphic file (type png)

<use images/spiralmodel.png>
Package pdftex.def Info: images/spiralmodel.png used on input line 98.
(pdftex.def)             Requested size: 188.20265pt x 136.25873pt.
)

Package Fancyhdr Warning: \headheight is too small (12.0pt): 
 Make it at least 18.0pt.
 We now make it that large for the rest of the document.
 This may cause the page layout to be inconsistent, however.

[5pdfTeX warning (ext4): destination with the same identifier (name{figure.2.1}
) has been already used, duplicate ignored

\AtBegShi@Output ...ipout \box \AtBeginShipoutBox 
                                                  \fi \fi 
l.68 \chapter
             {DATABASE DESIGN}pdfTeX warning (ext4): destination with the same 
identifier (name{figure.2.2}) has been already used, duplicate ignored

\AtBegShi@Output ...ipout \box \AtBeginShipoutBox 
                                                  \fi \fi 
l.68 \chapter
             {DATABASE DESIGN} <./images/LATEXREP001.png> <./images/spiralmodel
.png>]

Package Fancyhdr Warning: \headheight is too small (12.0pt): 
 Make it at least 18.0pt.
 We now make it that large for the rest of the document.
 This may cause the page layout to be inconsistent, however.

[6]
Chapter 3.
(./input/STR.tex <images/t1.jpg, id=337, 508.14844pt x 258.9675pt>
File: images/t1.jpg Graphic file (type jpg)

<use images/t1.jpg>
Package pdftex.def Info: images/t1.jpg used on input line 7.
(pdftex.def)             Requested size: 254.0736pt x 129.48341pt.
 <images/t2.jpg, id=338, 508.14844pt x 390.70969pt>
File: images/t2.jpg Graphic file (type jpg)

<use images/t2.jpg>
Package pdftex.def Info: images/t2.jpg used on input line 16.
(pdftex.def)             Requested size: 254.0736pt x 195.35435pt.
 <images/t3.jpg, id=339, 506.6428pt x 370.38374pt>
File: images/t3.jpg Graphic file (type jpg)

<use images/t3.jpg>
Package pdftex.def Info: images/t3.jpg used on input line 25.
(pdftex.def)             Requested size: 253.32079pt x 185.1914pt.
 <images/t4.jpg, id=340, 507.39563pt x 254.45062pt>
File: images/t4.jpg Graphic file (type jpg)

<use images/t4.jpg>
Package pdftex.def Info: images/t4.jpg used on input line 34.
(pdftex.def)             Requested size: 253.69719pt x 127.22499pt.
 <images/t5.jpg, id=341, 508.90125pt x 258.21469pt>
File: images/t5.jpg Graphic file (type jpg)

<use images/t5.jpg>
Package pdftex.def Info: images/t5.jpg used on input line 43.
(pdftex.def)             Requested size: 254.45pt x 129.10703pt.
 <images/t6.jpg, id=342, 505.89pt x 277.035pt>
File: images/t6.jpg Graphic file (type jpg)

<use images/t6.jpg>
Package pdftex.def Info: images/t6.jpg used on input line 52.
(pdftex.def)             Requested size: 252.94437pt x 138.51715pt.
 <images/t7.jpg, id=343, 507.39563pt x 292.09125pt>
File: images/t7.jpg Graphic file (type jpg)

<use images/t7.jpg>
Package pdftex.def Info: images/t7.jpg used on input line 61.
(pdftex.def)             Requested size: 253.69719pt x 146.04526pt.
 <images/t8.jpg, id=344, 509.65407pt x 255.95625pt>
File: images/t8.jpg Graphic file (type jpg)

<use images/t8.jpg>
Package pdftex.def Info: images/t8.jpg used on input line 70.
(pdftex.def)             Requested size: 254.8264pt x 127.9778pt.
 <images/t9.jpg, id=345, 505.13719pt x 362.85562pt>
File: images/t9.jpg Graphic file (type jpg)

<use images/t9.jpg>
Package pdftex.def Info: images/t9.jpg used on input line 79.
(pdftex.def)             Requested size: 252.56798pt x 181.42737pt.
 <images/t10.jpg, id=346, 474.27188pt x 252.19218pt>
File: images/t10.jpg Graphic file (type jpg)

<use images/t10.jpg>
Package pdftex.def Info: images/t10.jpg used on input line 88.
(pdftex.def)             Requested size: 237.13536pt x 126.09578pt.
 <images/t11.jpg, id=347, 511.9125pt x 399.74344pt>
File: images/t11.jpg Graphic file (type jpg)

<use images/t11.jpg>
Package pdftex.def Info: images/t11.jpg used on input line 97.
(pdftex.def)             Requested size: 255.95563pt x 199.87122pt.
) [7

pdfTeX warning (ext4): destination with the same identifier (name{figure.3.1}) 
has been already used, duplicate ignored

\AtBegShi@Output ...ipout \box \AtBeginShipoutBox 
                                                  \fi \fi 
l.70 \chapter
             {SYSTEM DESIGN} <./images/t1.jpg>]

Package Fancyhdr Warning: \headheight is too small (12.0pt): 
 Make it at least 18.0pt.
 We now make it that large for the rest of the document.
 This may cause the page layout to be inconsistent, however.

[8pdfTeX warning (ext4): destination with the same identifier (name{figure.3.2}
) has been already used, duplicate ignored

\AtBegShi@Output ...ipout \box \AtBeginShipoutBox 
                                                  \fi \fi 
l.70 \chapter
             {SYSTEM DESIGN}pdfTeX warning (ext4): destination with the same id
entifier (name{figure.3.3}) has been already used, duplicate ignored

\AtBegShi@Output ...ipout \box \AtBeginShipoutBox 
                                                  \fi \fi 
l.70 \chapter
             {SYSTEM DESIGN}pdfTeX warning (ext4): destination with the same id
entifier (name{figure.3.4}) has been already used, duplicate ignored

\AtBegShi@Output ...ipout \box \AtBeginShipoutBox 
                                                  \fi \fi 
l.70 \chapter
             {SYSTEM DESIGN} <./images/t2.jpg> <./images/t3.jpg> <./images/t4.j
pg>]

Package Fancyhdr Warning: \headheight is too small (12.0pt): 
 Make it at least 18.0pt.
 We now make it that large for the rest of the document.
 This may cause the page layout to be inconsistent, however.

[9pdfTeX warning (ext4): destination with the same identifier (name{figure.3.5}
) has been already used, duplicate ignored

\AtBegShi@Output ...ipout \box \AtBeginShipoutBox 
                                                  \fi \fi 
l.70 \chapter
             {SYSTEM DESIGN}pdfTeX warning (ext4): destination with the same id
entifier (name{figure.3.6}) has been already used, duplicate ignored

\AtBegShi@Output ...ipout \box \AtBeginShipoutBox 
                                                  \fi \fi 
l.70 \chapter
             {SYSTEM DESIGN}pdfTeX warning (ext4): destination with the same id
entifier (name{figure.3.7}) has been already used, duplicate ignored

\AtBegShi@Output ...ipout \box \AtBeginShipoutBox 
                                                  \fi \fi 
l.70 \chapter
             {SYSTEM DESIGN} <./images/t5.jpg> <./images/t6.jpg> <./images/t7.j
pg>]

Package Fancyhdr Warning: \headheight is too small (12.0pt): 
 Make it at least 18.0pt.
 We now make it that large for the rest of the document.
 This may cause the page layout to be inconsistent, however.

[10pdfTeX warning (ext4): destination with the same identifier (name{figure.3.8
}) has been already used, duplicate ignored

\AtBegShi@Output ...ipout \box \AtBeginShipoutBox 
                                                  \fi \fi 
l.70 \chapter
             {SYSTEM DESIGN}pdfTeX warning (ext4): destination with the same id
entifier (name{figure.3.9}) has been already used, duplicate ignored

\AtBegShi@Output ...ipout \box \AtBeginShipoutBox 
                                                  \fi \fi 
l.70 \chapter
             {SYSTEM DESIGN}pdfTeX warning (ext4): destination with the same id
entifier (name{figure.3.10}) has been already used, duplicate ignored

\AtBegShi@Output ...ipout \box \AtBeginShipoutBox 
                                                  \fi \fi 
l.70 \chapter
             {SYSTEM DESIGN} <./images/t8.jpg> <./images/t9.jpg> <./images/t10.
jpg>]

Package Fancyhdr Warning: \headheight is too small (12.0pt): 
 Make it at least 18.0pt.
 We now make it that large for the rest of the document.
 This may cause the page layout to be inconsistent, however.

[11pdfTeX warning (ext4): destination with the same identifier (name{figure.3.1
1}) has been already used, duplicate ignored

\AtBegShi@Output ...ipout \box \AtBeginShipoutBox 
                                                  \fi \fi 
l.70 \chapter
             {SYSTEM DESIGN} <./images/t11.jpg>]
Chapter 4.
(./input/sc.tex
Underfull \hbox (badness 10000) in paragraph at lines 13--15

 []

[12

]
Missing character: There is no Â in font cmr12!
Missing character: There is no   in font cmr12!
Missing character: There is no Â in font cmr12!
Missing character: There is no   in font cmr12!
Missing character: There is no Â in font cmr12!
Missing character: There is no   in font cmr12!
Missing character: There is no Â in font cmr12!
Missing character: There is no   in font cmr12!
Missing character: There is no Â in font cmr12!
Missing character: There is no   in font cmr12!
Missing character: There is no Â in font cmr12!
Missing character: There is no   in font cmr12!
Missing character: There is no Â in font cmr12!
Missing character: There is no   in font cmr12!
Missing character: There is no Â in font cmr12!
Missing character: There is no   in font cmr12!
Missing character: There is no Â in font cmr12!
Missing character: There is no   in font cmr12!
Missing character: There is no Â in font cmr12!
Missing character: There is no   in font cmr12!
Missing character: There is no Â in font cmr12!
Missing character: There is no   in font cmr12!
Missing character: There is no Â in font cmr12!
Missing character: There is no   in font cmr12!
Missing character: There is no Â in font cmr12!
Missing character: There is no   in font cmr12!
Missing character: There is no Â in font cmr12!
Missing character: There is no   in font cmr12!
)

Package Fancyhdr Warning: \headheight is too small (12.0pt): 
 Make it at least 18.0pt.
 We now make it that large for the rest of the document.
 This may cause the page layout to be inconsistent, however.

[13]
Chapter 5.
(./input/lamp.tex <images/java.jpeg, id=377, 653.44125pt x 401.5pt>
File: images/java.jpeg Graphic file (type jpg)

<use images/java.jpeg>
Package pdftex.def Info: images/java.jpeg used on input line 6.
(pdftex.def)             Requested size: 326.71982pt x 200.7495pt.
 [14

pdfTeX warning (ext4): destination with the same identifier (name{figure.5.1}) 
has been already used, duplicate ignored

\AtBegShi@Output ...ipout \box \AtBeginShipoutBox 
                                                  \fi \fi 
l.15 J
      ava is defined by a specification and consists of a programming langua...
 <./images/java.jpeg>]

Package Fancyhdr Warning: \headheight is too small (12.0pt): 
 Make it at least 18.0pt.
 We now make it that large for the rest of the document.
 This may cause the page layout to be inconsistent, however.

[15] <images/lamp.jpg, id=386, 602.25pt x 200.75pt>
File: images/lamp.jpg Graphic file (type jpg)
 <use images/lamp.jpg>
Package pdftex.def Info: images/lamp.jpg used on input line 36.
(pdftex.def)             Requested size: 301.12425pt x 100.37474pt.
)

Package Fancyhdr Warning: \headheight is too small (12.0pt): 
 Make it at least 18.0pt.
 We now make it that large for the rest of the document.
 This may cause the page layout to be inconsistent, however.

[16pdfTeX warning (ext4): destination with the same identifier (name{figure.5.2
}) has been already used, duplicate ignored

\AtBegShi@Output ...ipout \box \AtBeginShipoutBox 
                                                  \fi \fi 
l.74 \chapter
             {RESULTS AND DISCUSSION} <./images/lamp.jpg>]
Chapter 6.
(./input/tooo.tex <images/image13.jpeg, id=391, 255.95625pt x 232.61906pt>
File: images/image13.jpeg Graphic file (type jpg)

<use images/image13.jpeg>
Package pdftex.def Info: images/image13.jpeg used on input line 12.
(pdftex.def)             Requested size: 127.9778pt x 116.30923pt.

<images/image14.jpeg, id=392, 590.205pt x 344.03531pt>
File: images/image14.jpeg Graphic file (type jpg)

<use images/image14.jpeg>
Package pdftex.def Info: images/image14.jpeg used on input line 20.
(pdftex.def)             Requested size: 295.10178pt x 172.01723pt.

<images/image15.png, id=393, 589.4522pt x 341.02406pt>
File: images/image15.png Graphic file (type png)

<use images/image15.png>
Package pdftex.def Info: images/image15.png used on input line 28.
(pdftex.def)             Requested size: 294.72537pt x 170.51161pt.

<images/image16.png, id=394, 588.69937pt x 341.02406pt>
File: images/image16.png Graphic file (type png)

<use images/image16.png>
Package pdftex.def Info: images/image16.png used on input line 36.
(pdftex.def)             Requested size: 294.34895pt x 170.51161pt.

<images/image17.png, id=395, 370.38374pt x 400.49625pt>
File: images/image17.png Graphic file (type png)

<use images/image17.png>
Package pdftex.def Info: images/image17.png used on input line 44.
(pdftex.def)             Requested size: 185.1914pt x 200.24763pt.

<images/image18.png, id=396, 463.7325pt x 257.46187pt>
File: images/image18.png Graphic file (type png)

<use images/image18.png>
Package pdftex.def Info: images/image18.png used on input line 52.
(pdftex.def)             Requested size: 231.86568pt x 128.7306pt.

<images/image19.png, id=397, 465.99094pt x 339.51843pt>
File: images/image19.png Graphic file (type png)

<use images/image19.png>
Package pdftex.def Info: images/image19.png used on input line 60.
(pdftex.def)             Requested size: 232.99489pt x 169.75879pt.

<images/image20.png, id=398, 464.4853pt x 213.79875pt>
File: images/image20.png Graphic file (type png)

<use images/image20.png>
Package pdftex.def Info: images/image20.png used on input line 68.
(pdftex.def)             Requested size: 232.24208pt x 106.89911pt.

<images/image21.png, id=399, 469.00218pt x 526.96875pt>
File: images/image21.png Graphic file (type png)

<use images/image21.png>
Package pdftex.def Info: images/image21.png used on input line 77.
(pdftex.def)             Requested size: 234.50052pt x 263.48372pt.

<images/image22.png, id=400, 480.29437pt x 533.74406pt>
File: images/image22.png Graphic file (type png)

<use images/image22.png>
Package pdftex.def Info: images/image22.png used on input line 86.
(pdftex.def)             Requested size: 240.14659pt x 266.87137pt.

<images/image23.png, id=401, 466.74374pt x 518.6878pt>
File: images/image23.png Graphic file (type png)

<use images/image23.png>
Package pdftex.def Info: images/image23.png used on input line 95.
(pdftex.def)             Requested size: 233.37129pt x 259.34326pt.

<images/image24.png, id=402, 1028.34187pt x 548.0475pt>
File: images/image24.png Graphic file (type png)

<use images/image24.png>
Package pdftex.def Info: images/image24.png used on input line 103.
(pdftex.def)             Requested size: 514.16968pt x 274.02307pt.

Overfull \hbox (13.68568pt too wide) in paragraph at lines 103--104
 [] 
 []

<images/image25.png, id=403, 468.24937pt x 243.15843pt>
File: images/image25.png Graphic file (type png)

<use images/image25.png>
Package pdftex.def Info: images/image25.png used on input line 112.
(pdftex.def)             Requested size: 234.1241pt x 121.57892pt.

<images/image26.png, id=404, 636.12656pt x 529.22719pt>
File: images/image26.png Graphic file (type png)

<use images/image26.png>
Package pdftex.def Info: images/image26.png used on input line 121.
(pdftex.def)             Requested size: 318.0625pt x 264.61295pt.

<images/image27.png, id=405, 641.39626pt x 276.28218pt>
File: images/image27.png Graphic file (type png)

<use images/image27.png>
Package pdftex.def Info: images/image27.png used on input line 129.
(pdftex.def)             Requested size: 320.69734pt x 138.14075pt.
 <images/image28.png, id=406, 638.385pt x 496.85625pt>
File: images/image28.png Graphic file (type png)

<use images/image28.png>
Package pdftex.def Info: images/image28.png used on input line 138.
(pdftex.def)             Requested size: 319.19171pt x 248.4275pt.

<images/image29.png, id=407, 642.14906pt x 286.06876pt>
File: images/image29.png Graphic file (type png)

<use images/image29.png>
Package pdftex.def Info: images/image29.png used on input line 146.
(pdftex.def)             Requested size: 321.07375pt x 143.03403pt.
 [17

pdfTeX warning (ext4): destination with the same identifier (name{figure.6.1}) 
has been already used, duplicate ignored

\AtBegShi@Output ...ipout \box \AtBeginShipoutBox 
                                                  \fi \fi 
l.152 \clearpage
                pdfTeX warning (ext4): destination with the same identifier (na
me{figure.6.2}) has been already used, duplicate ignored

\AtBegShi@Output ...ipout \box \AtBeginShipoutBox 
                                                  \fi \fi 
l.152 \clearpage
                 <./images/image13.jpeg> <./images/image14.jpeg>]

Package Fancyhdr Warning: \headheight is too small (12.0pt): 
 Make it at least 18.0pt.
 We now make it that large for the rest of the document.
 This may cause the page layout to be inconsistent, however.

[18pdfTeX warning (ext4): destination with the same identifier (name{figure.6.3
}) has been already used, duplicate ignored

\AtBegShi@Output ...ipout \box \AtBeginShipoutBox 
                                                  \fi \fi 
l.152 \clearpage
                pdfTeX warning (ext4): destination with the same identifier (na
me{figure.6.4}) has been already used, duplicate ignored

\AtBegShi@Output ...ipout \box \AtBeginShipoutBox 
                                                  \fi \fi 
l.152 \clearpage
                pdfTeX warning (ext4): destination with the same identifier (na
me{figure.6.5}) has been already used, duplicate ignored

\AtBegShi@Output ...ipout \box \AtBeginShipoutBox 
                                                  \fi \fi 
l.152 \clearpage
                 <./images/image15.png> <./images/image16.png> <./images/image1
7.png>]

Package Fancyhdr Warning: \headheight is too small (12.0pt): 
 Make it at least 18.0pt.
 We now make it that large for the rest of the document.
 This may cause the page layout to be inconsistent, however.

[19pdfTeX warning (ext4): destination with the same identifier (name{figure.6.6
}) has been already used, duplicate ignored

\AtBegShi@Output ...ipout \box \AtBeginShipoutBox 
                                                  \fi \fi 
l.152 \clearpage
                pdfTeX warning (ext4): destination with the same identifier (na
me{figure.6.7}) has been already used, duplicate ignored

\AtBegShi@Output ...ipout \box \AtBeginShipoutBox 
                                                  \fi \fi 
l.152 \clearpage
                pdfTeX warning (ext4): destination with the same identifier (na
me{figure.6.8}) has been already used, duplicate ignored

\AtBegShi@Output ...ipout \box \AtBeginShipoutBox 
                                                  \fi \fi 
l.152 \clearpage
                 <./images/image18.png> <./images/image19.png> <./images/image2
0.png>]

Package Fancyhdr Warning: \headheight is too small (12.0pt): 
 Make it at least 18.0pt.
 We now make it that large for the rest of the document.
 This may cause the page layout to be inconsistent, however.

[20pdfTeX warning (ext4): destination with the same identifier (name{figure.6.9
}) has been already used, duplicate ignored

\AtBegShi@Output ...ipout \box \AtBeginShipoutBox 
                                                  \fi \fi 
l.152 \clearpage
                pdfTeX warning (ext4): destination with the same identifier (na
me{figure.6.10}) has been already used, duplicate ignored

\AtBegShi@Output ...ipout \box \AtBeginShipoutBox 
                                                  \fi \fi 
l.152 \clearpage
                 <./images/image21.png> <./images/image22.png>]

Package Fancyhdr Warning: \headheight is too small (12.0pt): 
 Make it at least 18.0pt.
 We now make it that large for the rest of the document.
 This may cause the page layout to be inconsistent, however.

[21pdfTeX warning (ext4): destination with the same identifier (name{figure.6.1
1}) has been already used, duplicate ignored

\AtBegShi@Output ...ipout \box \AtBeginShipoutBox 
                                                  \fi \fi 
l.152 \clearpage
                pdfTeX warning (ext4): destination with the same identifier (na
me{figure.6.12}) has been already used, duplicate ignored

\AtBegShi@Output ...ipout \box \AtBeginShipoutBox 
                                                  \fi \fi 
l.152 \clearpage
                 <./images/image23.png> <./images/image24.png>]

Package Fancyhdr Warning: \headheight is too small (12.0pt): 
 Make it at least 18.0pt.
 We now make it that large for the rest of the document.
 This may cause the page layout to be inconsistent, however.

[22pdfTeX warning (ext4): destination with the same identifier (name{figure.6.1
3}) has been already used, duplicate ignored

\AtBegShi@Output ...ipout \box \AtBeginShipoutBox 
                                                  \fi \fi 
l.152 \clearpage
                pdfTeX warning (ext4): destination with the same identifier (na
me{figure.6.14}) has been already used, duplicate ignored

\AtBegShi@Output ...ipout \box \AtBeginShipoutBox 
                                                  \fi \fi 
l.152 \clearpage
                pdfTeX warning (ext4): destination with the same identifier (na
me{figure.6.15}) has been already used, duplicate ignored

\AtBegShi@Output ...ipout \box \AtBeginShipoutBox 
                                                  \fi \fi 
l.152 \clearpage
                 <./images/image25.png> <./images/image26.png> <./images/image2
7.png>]

Package Fancyhdr Warning: \headheight is too small (12.0pt): 
 Make it at least 18.0pt.
 We now make it that large for the rest of the document.
 This may cause the page layout to be inconsistent, however.

[23pdfTeX warning (ext4): destination with the same identifier (name{figure.6.1
6}) has been already used, duplicate ignored

\AtBegShi@Output ...ipout \box \AtBeginShipoutBox 
                                                  \fi \fi 
l.152 \clearpage
                pdfTeX warning (ext4): destination with the same identifier (na
me{figure.6.17}) has been already used, duplicate ignored

\AtBegShi@Output ...ipout \box \AtBeginShipoutBox 
                                                  \fi \fi 
l.152 \clearpage
                 <./images/image28.png> <./images/image29.png>]
<images/image30.png, id=439, 889.07156pt x 469.755pt>
File: images/image30.png Graphic file (type png)
 <use images/image30.png>
Package pdftex.def Info: images/image30.png used on input line 155.
(pdftex.def)             Requested size: 444.5347pt x 234.87692pt.

<images/image31.png, id=440, 892.08281pt x 274.02374pt>
File: images/image31.png Graphic file (type png)

<use images/image31.png>
Package pdftex.def Info: images/image31.png used on input line 164.
(pdftex.def)             Requested size: 446.04031pt x 137.01154pt.

<images/image32.png, id=441, 882.29625pt x 258.21469pt>
File: images/image32.png Graphic file (type png)

<use images/image32.png>
Package pdftex.def Info: images/image32.png used on input line 173.
(pdftex.def)             Requested size: 441.14705pt x 129.10703pt.

<images/image33.png, id=442, 802.49812pt x 422.32782pt>
File: images/image33.png Graphic file (type png)

<use images/image33.png>
Package pdftex.def Info: images/image33.png used on input line 181.
(pdftex.def)             Requested size: 401.24808pt x 211.16339pt.
 <images/image34.png, id=443, 807.015pt x 301.125pt>
File: images/image34.png Graphic file (type png)

<use images/image34.png>
Package pdftex.def Info: images/image34.png used on input line 202.
(pdftex.def)             Requested size: 403.50652pt x 150.56212pt.

<images/image35.png, id=444, 900.36375pt x 426.09187pt>
File: images/image35.png Graphic file (type png)

<use images/image35.png>
Package pdftex.def Info: images/image35.png used on input line 211.
(pdftex.def)             Requested size: 450.18077pt x 213.04541pt.
 <images/image36.png, id=445, 505.89pt x 194.22563pt>
File: images/image36.png Graphic file (type png)

<use images/image36.png>
Package pdftex.def Info: images/image36.png used on input line 220.
(pdftex.def)             Requested size: 252.94437pt x 97.11256pt.

<images/image37.png, id=446, 1011.02719pt x 395.97937pt>
File: images/image37.png Graphic file (type png)

<use images/image37.png>
Package pdftex.def Info: images/image37.png used on input line 229.
(pdftex.def)             Requested size: 505.51236pt x 197.9892pt.

Overfull \hbox (5.02837pt too wide) in paragraph at lines 229--230
 [] 
 []

<images/image38.png, id=447, 379.4175pt x 225.84375pt>
File: images/image38.png Graphic file (type png)

<use images/image38.png>
Package pdftex.def Info: images/image38.png used on input line 237.
(pdftex.def)             Requested size: 189.70828pt x 112.92159pt.
 <images/image39.png, id=448, 927.465pt x 413.29407pt>
File: images/image39.png Graphic file (type png)

<use images/image39.png>
Package pdftex.def Info: images/image39.png used on input line 245.
(pdftex.def)             Requested size: 463.73137pt x 206.64651pt.

<images/image40.png, id=449, 447.92343pt x 225.84375pt>
File: images/image40.png Graphic file (type png)

<use images/image40.png>
Package pdftex.def Info: images/image40.png used on input line 253.
(pdftex.def)             Requested size: 223.96117pt x 112.92159pt.

<images/image41.png, id=450, 916.92563pt x 446.41782pt>
File: images/image41.png Graphic file (type png)

<use images/image41.png>
Package pdftex.def Info: images/image41.png used on input line 261.
(pdftex.def)             Requested size: 458.4617pt x 223.20836pt.
 <images/image42.png, id=451, 514.92375pt x 313.17pt>
File: images/image42.png Graphic file (type png)

<use images/image42.png>
Package pdftex.def Info: images/image42.png used on input line 269.
(pdftex.def)             Requested size: 257.46124pt x 156.58461pt.


Package Fancyhdr Warning: \headheight is too small (12.0pt): 
 Make it at least 18.0pt.
 We now make it that large for the rest of the document.
 This may cause the page layout to be inconsistent, however.

[24

pdfTeX warning (ext4): destination with the same identifier (name{figure.6.18})
 has been already used, duplicate ignored

\AtBegShi@Output ...ipout \box \AtBeginShipoutBox 
                                                  \fi \fi 
l.275 \clearpage
                pdfTeX warning (ext4): destination with the same identifier (na
me{figure.6.19}) has been already used, duplicate ignored

\AtBegShi@Output ...ipout \box \AtBeginShipoutBox 
                                                  \fi \fi 
l.275 \clearpage
                 <./images/image30.png> <./images/image31.png>]

Package Fancyhdr Warning: \headheight is too small (12.0pt): 
 Make it at least 18.0pt.
 We now make it that large for the rest of the document.
 This may cause the page layout to be inconsistent, however.

[25pdfTeX warning (ext4): destination with the same identifier (name{figure.6.2
0}) has been already used, duplicate ignored

\AtBegShi@Output ...ipout \box \AtBeginShipoutBox 
                                                  \fi \fi 
l.275 \clearpage
                pdfTeX warning (ext4): destination with the same identifier (na
me{figure.6.21}) has been already used, duplicate ignored

\AtBegShi@Output ...ipout \box \AtBeginShipoutBox 
                                                  \fi \fi 
l.275 \clearpage
                pdfTeX warning (ext4): destination with the same identifier (na
me{figure.6.22}) has been already used, duplicate ignored

\AtBegShi@Output ...ipout \box \AtBeginShipoutBox 
                                                  \fi \fi 
l.275 \clearpage
                 <./images/image32.png> <./images/image33.png> <./images/image3
4.png>]

Package Fancyhdr Warning: \headheight is too small (12.0pt): 
 Make it at least 18.0pt.
 We now make it that large for the rest of the document.
 This may cause the page layout to be inconsistent, however.

[26pdfTeX warning (ext4): destination with the same identifier (name{figure.6.2
3}) has been already used, duplicate ignored

\AtBegShi@Output ...ipout \box \AtBeginShipoutBox 
                                                  \fi \fi 
l.275 \clearpage
                pdfTeX warning (ext4): destination with the same identifier (na
me{figure.6.24}) has been already used, duplicate ignored

\AtBegShi@Output ...ipout \box \AtBeginShipoutBox 
                                                  \fi \fi 
l.275 \clearpage
                pdfTeX warning (ext4): destination with the same identifier (na
me{figure.6.25}) has been already used, duplicate ignored

\AtBegShi@Output ...ipout \box \AtBeginShipoutBox 
                                                  \fi \fi 
l.275 \clearpage
                 <./images/image35.png> <./images/image36.png> <./images/image3
7.png>]

Package Fancyhdr Warning: \headheight is too small (12.0pt): 
 Make it at least 18.0pt.
 We now make it that large for the rest of the document.
 This may cause the page layout to be inconsistent, however.

[27pdfTeX warning (ext4): destination with the same identifier (name{figure.6.2
6}) has been already used, duplicate ignored

\AtBegShi@Output ...ipout \box \AtBeginShipoutBox 
                                                  \fi \fi 
l.275 \clearpage
                pdfTeX warning (ext4): destination with the same identifier (na
me{figure.6.27}) has been already used, duplicate ignored

\AtBegShi@Output ...ipout \box \AtBeginShipoutBox 
                                                  \fi \fi 
l.275 \clearpage
                pdfTeX warning (ext4): destination with the same identifier (na
me{figure.6.28}) has been already used, duplicate ignored

\AtBegShi@Output ...ipout \box \AtBeginShipoutBox 
                                                  \fi \fi 
l.275 \clearpage
                 <./images/image38.png> <./images/image39.png> <./images/image4
0.png>]

Package Fancyhdr Warning: \headheight is too small (12.0pt): 
 Make it at least 18.0pt.
 We now make it that large for the rest of the document.
 This may cause the page layout to be inconsistent, however.

[28pdfTeX warning (ext4): destination with the same identifier (name{figure.6.2
9}) has been already used, duplicate ignored

\AtBegShi@Output ...ipout \box \AtBeginShipoutBox 
                                                  \fi \fi 
l.275 \clearpage
                pdfTeX warning (ext4): destination with the same identifier (na
me{figure.6.30}) has been already used, duplicate ignored

\AtBegShi@Output ...ipout \box \AtBeginShipoutBox 
                                                  \fi \fi 
l.275 \clearpage
                 <./images/image41.png> <./images/image42.png>]
<images/image43.png, id=472, 767.86874pt x 317.68687pt>
File: images/image43.png Graphic file (type png)

<use images/image43.png>
Package pdftex.def Info: images/image43.png used on input line 278.
(pdftex.def)             Requested size: 383.93343pt x 158.84303pt.

<images/image44.png, id=473, 400.49625pt x 258.9675pt>
File: images/image44.png Graphic file (type png)

<use images/image44.png>
Package pdftex.def Info: images/image44.png used on input line 286.
(pdftex.def)             Requested size: 200.24763pt x 129.48341pt.

<images/image45.png, id=474, 670.00313pt x 443.40656pt>
File: images/image45.png Graphic file (type png)

<use images/image45.png>
Package pdftex.def Info: images/image45.png used on input line 294.
(pdftex.def)             Requested size: 335.00075pt x 221.70273pt.

<images/image46.png, id=475, 391.4625pt x 328.22626pt>
File: images/image46.png Graphic file (type png)

<use images/image46.png>
Package pdftex.def Info: images/image46.png used on input line 302.
(pdftex.def)             Requested size: 195.73076pt x 164.11272pt.

<images/image47.png, id=476, 392.96812pt x 307.1475pt>
File: images/image47.png Graphic file (type png)

<use images/image47.png>
Package pdftex.def Info: images/image47.png used on input line 310.
(pdftex.def)             Requested size: 196.48357pt x 153.57336pt.

<images/image48.png, id=477, 415.5525pt x 376.40625pt>
File: images/image48.png Graphic file (type png)

<use images/image48.png>
Package pdftex.def Info: images/image48.png used on input line 318.
(pdftex.def)             Requested size: 207.77574pt x 188.20265pt.

<images/image51.png, id=478, 411.03563pt x 276.28218pt>
File: images/image51.png Graphic file (type png)

<use images/image51.png>
Package pdftex.def Info: images/image51.png used on input line 327.
(pdftex.def)             Requested size: 205.5173pt x 138.14075pt.

<images/image52.png, id=479, 484.81125pt x 377.91188pt>
File: images/image52.png Graphic file (type png)

<use images/image52.png>
Package pdftex.def Info: images/image52.png used on input line 335.
(pdftex.def)             Requested size: 242.40503pt x 188.95547pt.

<images/image53.png, id=480, 336.50719pt x 196.48407pt>
File: images/image53.png Graphic file (type png)

<use images/image53.png>
Package pdftex.def Info: images/image53.png used on input line 343.
(pdftex.def)             Requested size: 168.25317pt x 98.24179pt.

<images/image54.png, id=481, 767.11594pt x 546.54187pt>
File: images/image54.png Graphic file (type png)

<use images/image54.png>
Package pdftex.def Info: images/image54.png used on input line 351.
(pdftex.def)             Requested size: 383.55702pt x 273.27026pt.
)

Package Fancyhdr Warning: \headheight is too small (12.0pt): 
 Make it at least 18.0pt.
 We now make it that large for the rest of the document.
 This may cause the page layout to be inconsistent, however.

[29

pdfTeX warning (ext4): destination with the same identifier (name{figure.6.31})
 has been already used, duplicate ignored

\AtBegShi@Output ...ipout \box \AtBeginShipoutBox 
                                                  \fi \fi 
l.76 \chapter
             {CONCLUSION AND FUTURE SCOPE}pdfTeX warning (ext4): destination wi
th the same identifier (name{figure.6.32}) has been already used, duplicate ign
ored

\AtBegShi@Output ...ipout \box \AtBeginShipoutBox 
                                                  \fi \fi 
l.76 \chapter
             {CONCLUSION AND FUTURE SCOPE} <./images/image43.png> <./images/ima
ge44.png>]

Package Fancyhdr Warning: \headheight is too small (12.0pt): 
 Make it at least 18.0pt.
 We now make it that large for the rest of the document.
 This may cause the page layout to be inconsistent, however.

[30pdfTeX warning (ext4): destination with the same identifier (name{figure.6.3
3}) has been already used, duplicate ignored

\AtBegShi@Output ...ipout \box \AtBeginShipoutBox 
                                                  \fi \fi 
l.76 \chapter
             {CONCLUSION AND FUTURE SCOPE}pdfTeX warning (ext4): destination wi
th the same identifier (name{figure.6.34}) has been already used, duplicate ign
ored

\AtBegShi@Output ...ipout \box \AtBeginShipoutBox 
                                                  \fi \fi 
l.76 \chapter
             {CONCLUSION AND FUTURE SCOPE}pdfTeX warning (ext4): destination wi
th the same identifier (name{figure.6.35}) has been already used, duplicate ign
ored

\AtBegShi@Output ...ipout \box \AtBeginShipoutBox 
                                                  \fi \fi 
l.76 \chapter
             {CONCLUSION AND FUTURE SCOPE} <./images/image45.png> <./images/ima
ge46.png> <./images/image47.png>]

Package Fancyhdr Warning: \headheight is too small (12.0pt): 
 Make it at least 18.0pt.
 We now make it that large for the rest of the document.
 This may cause the page layout to be inconsistent, however.

[31pdfTeX warning (ext4): destination with the same identifier (name{figure.6.3
6}) has been already used, duplicate ignored

\AtBegShi@Output ...ipout \box \AtBeginShipoutBox 
                                                  \fi \fi 
l.76 \chapter
             {CONCLUSION AND FUTURE SCOPE}pdfTeX warning (ext4): destination wi
th the same identifier (name{figure.6.37}) has been already used, duplicate ign
ored

\AtBegShi@Output ...ipout \box \AtBeginShipoutBox 
                                                  \fi \fi 
l.76 \chapter
             {CONCLUSION AND FUTURE SCOPE}pdfTeX warning (ext4): destination wi
th the same identifier (name{figure.6.38}) has been already used, duplicate ign
ored

\AtBegShi@Output ...ipout \box \AtBeginShipoutBox 
                                                  \fi \fi 
l.76 \chapter
             {CONCLUSION AND FUTURE SCOPE} <./images/image48.png> <./images/ima
ge51.png> <./images/image52.png>]

Package Fancyhdr Warning: \headheight is too small (12.0pt): 
 Make it at least 18.0pt.
 We now make it that large for the rest of the document.
 This may cause the page layout to be inconsistent, however.

[32pdfTeX warning (ext4): destination with the same identifier (name{figure.6.3
9}) has been already used, duplicate ignored

\AtBegShi@Output ...ipout \box \AtBeginShipoutBox 
                                                  \fi \fi 
l.76 \chapter
             {CONCLUSION AND FUTURE SCOPE}pdfTeX warning (ext4): destination wi
th the same identifier (name{figure.6.40}) has been already used, duplicate ign
ored

\AtBegShi@Output ...ipout \box \AtBeginShipoutBox 
                                                  \fi \fi 
l.76 \chapter
             {CONCLUSION AND FUTURE SCOPE} <./images/image53.png> <./images/ima
ge54.png>]
Chapter 7.
(./input/lol.tex [33

]) (./input/references.tex

Package Fancyhdr Warning: \headheight is too small (12.0pt): 
 Make it at least 18.0pt.
 We now make it that large for the rest of the document.
 This may cause the page layout to be inconsistent, however.

[34]) 
AED: lastpage setting LastPage
[35

pdfTeX warning (ext4): destination with the same identifier (name{cite.}) has b
een already used, duplicate ignored

\AtBegShi@Output ...ipout \box \AtBeginShipoutBox 
                                                  \fi \fi 
l.81 \end{document}
                   pdfTeX warning (ext4): destination with the same identifier 
(name{cite.}) has been already used, duplicate ignored

\AtBegShi@Output ...ipout \box \AtBeginShipoutBox 
                                                  \fi \fi 
l.81 \end{document}
                   pdfTeX warning (ext4): destination with the same identifier 
(name{cite.}) has been already used, duplicate ignored

\AtBegShi@Output ...ipout \box \AtBeginShipoutBox 
                                                  \fi \fi 
l.81 \end{document}
                   pdfTeX warning (ext4): destination with the same identifier 
(name{cite.}) has been already used, duplicate ignored

\AtBegShi@Output ...ipout \box \AtBeginShipoutBox 
                                                  \fi \fi 
l.81 \end{document}
                   ]
Package atveryend Info: Empty hook `BeforeClearDocument' on input line 81.
Package atveryend Info: Empty hook `AfterLastShipout' on input line 81.
 (./report.aux)
Package atveryend Info: Executing hook `AtVeryEndDocument' on input line 81.
Package atveryend Info: Executing hook `AtEndAfterFileList' on input line 81.
Package rerunfilecheck Info: File `report.out' has not changed.
(rerunfilecheck)             Checksum: BDE8A51A04B3C1A4B9EA4C10A947AD29;1954.


LaTeX Warning: There were multiply-defined labels.

Package atveryend Info: Empty hook `AtVeryVeryEnd' on input line 81.
 ) 
Here is how much of TeX's memory you used:
 7605 strings out of 493304
 109568 string characters out of 6139870
 286838 words of memory out of 5000000
 10737 multiletter control sequences out of 15000+600000
 12567 words of font info for 46 fonts, out of 8000000 for 9000
 957 hyphenation exceptions out of 8191
 36i,11n,44p,852b,452s stack positions out of 5000i,500n,10000p,200000b,80000s
</usr/share/texlive/texmf-dist/fonts/type1/public/amsfonts/cm/cmbx12.pfb></us
r/share/texlive/texmf-dist/fonts/type1/public/amsfonts/cm/cmr12.pfb></usr/share
/texlive/texmf-dist/fonts/type1/public/amsfonts/cm/cmr17.pfb></usr/share/texliv
e/texmf-dist/fonts/type1/public/amsfonts/cm/cmsl12.pfb></usr/share/texlive/texm
f-dist/fonts/type1/public/amsfonts/cm/cmss17.pfb></usr/share/texlive/texmf-dist
/fonts/type1/public/amsfonts/cm/cmsy10.pfb>
Output written on report.pdf (43 pages, 1876769 bytes).
PDF statistics:
 566 PDF objects out of 1000 (max. 8388607)
 454 compressed objects within 5 object streams
 131 named destinations out of 1000 (max. 500000)
 521 words of extra memory for PDF output out of 10000 (max. 10000000)

